C:\Program Files (x86)\Microsoft Visual Studio\2017\Community\Common7\IDE\VC\VCTargets\Microsoft.CppBuild.targets(373,5): warning MSB8004: Output Directory does not end with a trailing slash.  This build instance will add the slash as it is required to allow proper evaluation of the Output Directory.
  script.cpp
c:\users\gudmundur\documents\visual studio 2017\projects\menyabaes\source\solution\project\Convert.h(1): warning C4067: unexpected tokens following preprocessor directive - expected a newline
c:\users\gudmundur\documents\visual studio 2017\projects\menyabaes\source\solution\project\Convert.h(11): warning C4996: 'strcpy': This function or variable may be unsafe. Consider using strcpy_s instead. To disable deprecation, use _CRT_SECURE_NO_WARNINGS. See online help for details.
  C:\Program Files (x86)\Windows Kits\10\Include\10.0.10240.0\ucrt\string.h(119): note: see declaration of 'strcpy'
script.cpp(529): warning C4996: 'strcpy': This function or variable may be unsafe. Consider using strcpy_s instead. To disable deprecation, use _CRT_SECURE_NO_WARNINGS. See online help for details.
  C:\Program Files (x86)\Windows Kits\10\Include\10.0.10240.0\ucrt\string.h(119): note: see declaration of 'strcpy'
script.cpp(1693): warning C4018: '>': signed/unsigned mismatch
script.cpp(1715): warning C4805: '==': unsafe mix of type 'BOOL' and type 'bool' in operation
script.cpp(1793): warning C4018: '>=': signed/unsigned mismatch
script.cpp(4323): warning C4311: '<function-style-cast>': pointer truncation from 'const char *' to 'Hash'
script.cpp(4323): warning C4302: '<function-style-cast>': truncation from 'const char *' to 'Hash'
script.cpp(4324): warning C4311: '<function-style-cast>': pointer truncation from 'const char *' to 'Hash'
script.cpp(4324): warning C4302: '<function-style-cast>': truncation from 'const char *' to 'Hash'
script.cpp(4325): warning C4311: '<function-style-cast>': pointer truncation from 'const char *' to 'Hash'
script.cpp(4325): warning C4302: '<function-style-cast>': truncation from 'const char *' to 'Hash'
script.cpp(4326): warning C4311: '<function-style-cast>': pointer truncation from 'const char *' to 'Hash'
script.cpp(4326): warning C4302: '<function-style-cast>': truncation from 'const char *' to 'Hash'
script.cpp(4327): warning C4311: '<function-style-cast>': pointer truncation from 'const char *' to 'Hash'
script.cpp(4327): warning C4302: '<function-style-cast>': truncation from 'const char *' to 'Hash'
script.cpp(4328): warning C4311: '<function-style-cast>': pointer truncation from 'const char *' to 'Hash'
script.cpp(4328): warning C4302: '<function-style-cast>': truncation from 'const char *' to 'Hash'
script.cpp(4329): warning C4311: '<function-style-cast>': pointer truncation from 'const char *' to 'Hash'
script.cpp(4329): warning C4302: '<function-style-cast>': truncation from 'const char *' to 'Hash'
script.cpp(4330): warning C4311: '<function-style-cast>': pointer truncation from 'const char *' to 'Hash'
script.cpp(4330): warning C4302: '<function-style-cast>': truncation from 'const char *' to 'Hash'
script.cpp(4335): warning C4311: '<function-style-cast>': pointer truncation from 'const char *' to 'Hash'
script.cpp(4335): warning C4302: '<function-style-cast>': truncation from 'const char *' to 'Hash'
script.cpp(4336): warning C4311: '<function-style-cast>': pointer truncation from 'const char *' to 'Hash'
script.cpp(4336): warning C4302: '<function-style-cast>': truncation from 'const char *' to 'Hash'
script.cpp(4337): warning C4311: '<function-style-cast>': pointer truncation from 'const char *' to 'Hash'
script.cpp(4337): warning C4302: '<function-style-cast>': truncation from 'const char *' to 'Hash'
script.cpp(4338): warning C4311: '<function-style-cast>': pointer truncation from 'const char *' to 'Hash'
script.cpp(4338): warning C4302: '<function-style-cast>': truncation from 'const char *' to 'Hash'
script.cpp(4339): warning C4311: '<function-style-cast>': pointer truncation from 'const char *' to 'Hash'
script.cpp(4339): warning C4302: '<function-style-cast>': truncation from 'const char *' to 'Hash'
script.cpp(4340): warning C4311: '<function-style-cast>': pointer truncation from 'const char *' to 'Hash'
script.cpp(4340): warning C4302: '<function-style-cast>': truncation from 'const char *' to 'Hash'
script.cpp(4341): warning C4311: '<function-style-cast>': pointer truncation from 'const char *' to 'Hash'
script.cpp(4341): warning C4302: '<function-style-cast>': truncation from 'const char *' to 'Hash'
script.cpp(4342): warning C4311: '<function-style-cast>': pointer truncation from 'const char *' to 'Hash'
script.cpp(4342): warning C4302: '<function-style-cast>': truncation from 'const char *' to 'Hash'
script.cpp(4343): warning C4311: '<function-style-cast>': pointer truncation from 'const char *' to 'Hash'
script.cpp(4343): warning C4302: '<function-style-cast>': truncation from 'const char *' to 'Hash'
script.cpp(4344): warning C4311: '<function-style-cast>': pointer truncation from 'const char *' to 'Hash'
script.cpp(4344): warning C4302: '<function-style-cast>': truncation from 'const char *' to 'Hash'
script.cpp(4345): warning C4311: '<function-style-cast>': pointer truncation from 'const char *' to 'Hash'
script.cpp(4345): warning C4302: '<function-style-cast>': truncation from 'const char *' to 'Hash'
script.cpp(4350): warning C4311: '<function-style-cast>': pointer truncation from 'const char *' to 'Hash'
script.cpp(4350): warning C4302: '<function-style-cast>': truncation from 'const char *' to 'Hash'
script.cpp(4351): warning C4311: '<function-style-cast>': pointer truncation from 'const char *' to 'Hash'
script.cpp(4351): warning C4302: '<function-style-cast>': truncation from 'const char *' to 'Hash'
script.cpp(4352): warning C4311: '<function-style-cast>': pointer truncation from 'const char *' to 'Hash'
script.cpp(4352): warning C4302: '<function-style-cast>': truncation from 'const char *' to 'Hash'
script.cpp(4353): warning C4311: '<function-style-cast>': pointer truncation from 'const char *' to 'Hash'
script.cpp(4353): warning C4302: '<function-style-cast>': truncation from 'const char *' to 'Hash'
script.cpp(4354): warning C4311: '<function-style-cast>': pointer truncation from 'const char *' to 'Hash'
script.cpp(4354): warning C4302: '<function-style-cast>': truncation from 'const char *' to 'Hash'
script.cpp(4355): warning C4311: '<function-style-cast>': pointer truncation from 'const char *' to 'Hash'
script.cpp(4355): warning C4302: '<function-style-cast>': truncation from 'const char *' to 'Hash'
script.cpp(4356): warning C4311: '<function-style-cast>': pointer truncation from 'const char *' to 'Hash'
script.cpp(4356): warning C4302: '<function-style-cast>': truncation from 'const char *' to 'Hash'
script.cpp(4357): warning C4311: '<function-style-cast>': pointer truncation from 'const char *' to 'Hash'
script.cpp(4357): warning C4302: '<function-style-cast>': truncation from 'const char *' to 'Hash'
script.cpp(4358): warning C4311: '<function-style-cast>': pointer truncation from 'const char *' to 'Hash'
script.cpp(4358): warning C4302: '<function-style-cast>': truncation from 'const char *' to 'Hash'
script.cpp(4359): warning C4311: '<function-style-cast>': pointer truncation from 'const char *' to 'Hash'
script.cpp(4359): warning C4302: '<function-style-cast>': truncation from 'const char *' to 'Hash'
script.cpp(4360): warning C4311: '<function-style-cast>': pointer truncation from 'const char *' to 'Hash'
script.cpp(4360): warning C4302: '<function-style-cast>': truncation from 'const char *' to 'Hash'
script.cpp(4361): warning C4311: '<function-style-cast>': pointer truncation from 'const char *' to 'Hash'
script.cpp(4361): warning C4302: '<function-style-cast>': truncation from 'const char *' to 'Hash'
script.cpp(4362): warning C4311: '<function-style-cast>': pointer truncation from 'const char *' to 'Hash'
script.cpp(4362): warning C4302: '<function-style-cast>': truncation from 'const char *' to 'Hash'
script.cpp(4363): warning C4311: '<function-style-cast>': pointer truncation from 'const char *' to 'Hash'
script.cpp(4363): warning C4302: '<function-style-cast>': truncation from 'const char *' to 'Hash'
script.cpp(4364): warning C4311: '<function-style-cast>': pointer truncation from 'const char *' to 'Hash'
script.cpp(4364): warning C4302: '<function-style-cast>': truncation from 'const char *' to 'Hash'
script.cpp(4365): warning C4311: '<function-style-cast>': pointer truncation from 'const char *' to 'Hash'
script.cpp(4365): warning C4302: '<function-style-cast>': truncation from 'const char *' to 'Hash'
script.cpp(4370): warning C4311: '<function-style-cast>': pointer truncation from 'const char *' to 'Hash'
script.cpp(4370): warning C4302: '<function-style-cast>': truncation from 'const char *' to 'Hash'
script.cpp(4375): warning C4311: '<function-style-cast>': pointer truncation from 'const char *' to 'Hash'
script.cpp(4375): warning C4302: '<function-style-cast>': truncation from 'const char *' to 'Hash'
script.cpp(4376): warning C4311: '<function-style-cast>': pointer truncation from 'const char *' to 'Hash'
script.cpp(4376): warning C4302: '<function-style-cast>': truncation from 'const char *' to 'Hash'
script.cpp(4377): warning C4311: '<function-style-cast>': pointer truncation from 'const char *' to 'Hash'
script.cpp(4377): warning C4302: '<function-style-cast>': truncation from 'const char *' to 'Hash'
script.cpp(4378): warning C4311: '<function-style-cast>': pointer truncation from 'const char *' to 'Hash'
script.cpp(4378): warning C4302: '<function-style-cast>': truncation from 'const char *' to 'Hash'
script.cpp(4379): warning C4311: '<function-style-cast>': pointer truncation from 'const char *' to 'Hash'
script.cpp(4379): warning C4302: '<function-style-cast>': truncation from 'const char *' to 'Hash'
script.cpp(4380): warning C4311: '<function-style-cast>': pointer truncation from 'const char *' to 'Hash'
script.cpp(4380): warning C4302: '<function-style-cast>': truncation from 'const char *' to 'Hash'
script.cpp(4381): warning C4311: '<function-style-cast>': pointer truncation from 'const char *' to 'Hash'
script.cpp(4381): warning C4302: '<function-style-cast>': truncation from 'const char *' to 'Hash'
script.cpp(4382): warning C4311: '<function-style-cast>': pointer truncation from 'const char *' to 'Hash'
script.cpp(4382): warning C4302: '<function-style-cast>': truncation from 'const char *' to 'Hash'
script.cpp(4383): warning C4311: '<function-style-cast>': pointer truncation from 'const char *' to 'Hash'
script.cpp(4383): warning C4302: '<function-style-cast>': truncation from 'const char *' to 'Hash'
script.cpp(4384): warning C4311: '<function-style-cast>': pointer truncation from 'const char *' to 'Hash'
script.cpp(4384): warning C4302: '<function-style-cast>': truncation from 'const char *' to 'Hash'
script.cpp(4385): warning C4311: '<function-style-cast>': pointer truncation from 'const char *' to 'Hash'
script.cpp(4385): warning C4302: '<function-style-cast>': truncation from 'const char *' to 'Hash'
script.cpp(4386): warning C4311: '<function-style-cast>': pointer truncation from 'const char *' to 'Hash'
script.cpp(4386): warning C4302: '<function-style-cast>': truncation from 'const char *' to 'Hash'
script.cpp(4387): warning C4311: '<function-style-cast>': pointer truncation from 'const char *' to 'Hash'
script.cpp(4387): warning C4302: '<function-style-cast>': truncation from 'const char *' to 'Hash'
script.cpp(4388): warning C4311: '<function-style-cast>': pointer truncation from 'const char *' to 'Hash'
script.cpp(4388): warning C4302: '<function-style-cast>': truncation from 'const char *' to 'Hash'
script.cpp(4389): warning C4311: '<function-style-cast>': pointer truncation from 'const char *' to 'Hash'
script.cpp(4389): warning C4302: '<function-style-cast>': truncation from 'const char *' to 'Hash'
script.cpp(4390): warning C4311: '<function-style-cast>': pointer truncation from 'const char *' to 'Hash'
script.cpp(4390): warning C4302: '<function-style-cast>': truncation from 'const char *' to 'Hash'
script.cpp(4391): warning C4311: '<function-style-cast>': pointer truncation from 'const char *' to 'Hash'
script.cpp(4391): warning C4302: '<function-style-cast>': truncation from 'const char *' to 'Hash'
script.cpp(4392): warning C4311: '<function-style-cast>': pointer truncation from 'const char *' to 'Hash'
script.cpp(4392): warning C4302: '<function-style-cast>': truncation from 'const char *' to 'Hash'
script.cpp(4398): warning C4311: '<function-style-cast>': pointer truncation from 'const char *' to 'Hash'
script.cpp(4398): warning C4302: '<function-style-cast>': truncation from 'const char *' to 'Hash'
script.cpp(4399): warning C4311: '<function-style-cast>': pointer truncation from 'const char *' to 'Hash'
script.cpp(4399): warning C4302: '<function-style-cast>': truncation from 'const char *' to 'Hash'
script.cpp(4405): warning C4311: '<function-style-cast>': pointer truncation from 'const char *' to 'Hash'
script.cpp(4405): warning C4302: '<function-style-cast>': truncation from 'const char *' to 'Hash'
script.cpp(4406): warning C4311: '<function-style-cast>': pointer truncation from 'const char *' to 'Hash'
script.cpp(4406): warning C4302: '<function-style-cast>': truncation from 'const char *' to 'Hash'
script.cpp(4407): warning C4311: '<function-style-cast>': pointer truncation from 'const char *' to 'Hash'
script.cpp(4407): warning C4302: '<function-style-cast>': truncation from 'const char *' to 'Hash'
script.cpp(4408): warning C4311: '<function-style-cast>': pointer truncation from 'const char *' to 'Hash'
script.cpp(4408): warning C4302: '<function-style-cast>': truncation from 'const char *' to 'Hash'
script.cpp(4409): warning C4311: '<function-style-cast>': pointer truncation from 'const char *' to 'Hash'
script.cpp(4409): warning C4302: '<function-style-cast>': truncation from 'const char *' to 'Hash'
script.cpp(4415): warning C4311: '<function-style-cast>': pointer truncation from 'const char *' to 'Hash'
script.cpp(4415): warning C4302: '<function-style-cast>': truncation from 'const char *' to 'Hash'
script.cpp(4416): warning C4311: '<function-style-cast>': pointer truncation from 'const char *' to 'Hash'
script.cpp(4416): warning C4302: '<function-style-cast>': truncation from 'const char *' to 'Hash'
script.cpp(4417): warning C4311: '<function-style-cast>': pointer truncation from 'const char *' to 'Hash'
script.cpp(4417): warning C4302: '<function-style-cast>': truncation from 'const char *' to 'Hash'
script.cpp(4418): warning C4311: '<function-style-cast>': pointer truncation from 'const char *' to 'Hash'
script.cpp(4418): warning C4302: '<function-style-cast>': truncation from 'const char *' to 'Hash'
script.cpp(4419): warning C4311: '<function-style-cast>': pointer truncation from 'const char *' to 'Hash'
script.cpp(4419): warning C4302: '<function-style-cast>': truncation from 'const char *' to 'Hash'
script.cpp(4425): warning C4311: '<function-style-cast>': pointer truncation from 'const char *' to 'Hash'
script.cpp(4425): warning C4302: '<function-style-cast>': truncation from 'const char *' to 'Hash'
script.cpp(4426): warning C4311: '<function-style-cast>': pointer truncation from 'const char *' to 'Hash'
script.cpp(4426): warning C4302: '<function-style-cast>': truncation from 'const char *' to 'Hash'
script.cpp(4427): warning C4311: '<function-style-cast>': pointer truncation from 'const char *' to 'Hash'
script.cpp(4427): warning C4302: '<function-style-cast>': truncation from 'const char *' to 'Hash'
script.cpp(4428): warning C4311: '<function-style-cast>': pointer truncation from 'const char *' to 'Hash'
script.cpp(4428): warning C4302: '<function-style-cast>': truncation from 'const char *' to 'Hash'
script.cpp(4429): warning C4311: '<function-style-cast>': pointer truncation from 'const char *' to 'Hash'
script.cpp(4429): warning C4302: '<function-style-cast>': truncation from 'const char *' to 'Hash'
script.cpp(4430): warning C4311: '<function-style-cast>': pointer truncation from 'const char *' to 'Hash'
script.cpp(4430): warning C4302: '<function-style-cast>': truncation from 'const char *' to 'Hash'
script.cpp(4431): warning C4311: '<function-style-cast>': pointer truncation from 'const char *' to 'Hash'
script.cpp(4431): warning C4302: '<function-style-cast>': truncation from 'const char *' to 'Hash'
script.cpp(4432): warning C4311: '<function-style-cast>': pointer truncation from 'const char *' to 'Hash'
script.cpp(4432): warning C4302: '<function-style-cast>': truncation from 'const char *' to 'Hash'
script.cpp(4433): warning C4311: '<function-style-cast>': pointer truncation from 'const char *' to 'Hash'
script.cpp(4433): warning C4302: '<function-style-cast>': truncation from 'const char *' to 'Hash'
script.cpp(4434): warning C4311: '<function-style-cast>': pointer truncation from 'const char *' to 'Hash'
script.cpp(4434): warning C4302: '<function-style-cast>': truncation from 'const char *' to 'Hash'
script.cpp(4435): warning C4311: '<function-style-cast>': pointer truncation from 'const char *' to 'Hash'
script.cpp(4435): warning C4302: '<function-style-cast>': truncation from 'const char *' to 'Hash'
script.cpp(4436): warning C4311: '<function-style-cast>': pointer truncation from 'const char *' to 'Hash'
script.cpp(4436): warning C4302: '<function-style-cast>': truncation from 'const char *' to 'Hash'
script.cpp(4442): warning C4311: '<function-style-cast>': pointer truncation from 'const char *' to 'Hash'
script.cpp(4442): warning C4302: '<function-style-cast>': truncation from 'const char *' to 'Hash'
script.cpp(4448): warning C4311: '<function-style-cast>': pointer truncation from 'const char *' to 'Hash'
script.cpp(4448): warning C4302: '<function-style-cast>': truncation from 'const char *' to 'Hash'
script.cpp(4449): warning C4311: '<function-style-cast>': pointer truncation from 'const char *' to 'Hash'
script.cpp(4449): warning C4302: '<function-style-cast>': truncation from 'const char *' to 'Hash'
script.cpp(4450): warning C4311: '<function-style-cast>': pointer truncation from 'const char *' to 'Hash'
script.cpp(4450): warning C4302: '<function-style-cast>': truncation from 'const char *' to 'Hash'
script.cpp(4451): warning C4311: '<function-style-cast>': pointer truncation from 'const char *' to 'Hash'
script.cpp(4451): warning C4302: '<function-style-cast>': truncation from 'const char *' to 'Hash'
script.cpp(4452): warning C4311: '<function-style-cast>': pointer truncation from 'const char *' to 'Hash'
script.cpp(4452): warning C4302: '<function-style-cast>': truncation from 'const char *' to 'Hash'
script.cpp(4453): warning C4311: '<function-style-cast>': pointer truncation from 'const char *' to 'Hash'
script.cpp(4453): warning C4302: '<function-style-cast>': truncation from 'const char *' to 'Hash'
script.cpp(4454): warning C4311: '<function-style-cast>': pointer truncation from 'const char *' to 'Hash'
script.cpp(4454): warning C4302: '<function-style-cast>': truncation from 'const char *' to 'Hash'
script.cpp(4455): warning C4311: '<function-style-cast>': pointer truncation from 'const char *' to 'Hash'
script.cpp(4455): warning C4302: '<function-style-cast>': truncation from 'const char *' to 'Hash'
script.cpp(4456): warning C4311: '<function-style-cast>': pointer truncation from 'const char *' to 'Hash'
script.cpp(4456): warning C4302: '<function-style-cast>': truncation from 'const char *' to 'Hash'
script.cpp(4457): warning C4311: '<function-style-cast>': pointer truncation from 'const char *' to 'Hash'
script.cpp(4457): warning C4302: '<function-style-cast>': truncation from 'const char *' to 'Hash'
script.cpp(4458): warning C4311: '<function-style-cast>': pointer truncation from 'const char *' to 'Hash'
script.cpp(4458): warning C4302: '<function-style-cast>': truncation from 'const char *' to 'Hash'
script.cpp(4459): warning C4311: '<function-style-cast>': pointer truncation from 'const char *' to 'Hash'
script.cpp(4459): warning C4302: '<function-style-cast>': truncation from 'const char *' to 'Hash'
script.cpp(4460): warning C4311: '<function-style-cast>': pointer truncation from 'const char *' to 'Hash'
script.cpp(4460): warning C4302: '<function-style-cast>': truncation from 'const char *' to 'Hash'
script.cpp(4461): warning C4311: '<function-style-cast>': pointer truncation from 'const char *' to 'Hash'
script.cpp(4461): warning C4302: '<function-style-cast>': truncation from 'const char *' to 'Hash'
script.cpp(4462): warning C4311: '<function-style-cast>': pointer truncation from 'const char *' to 'Hash'
script.cpp(4462): warning C4302: '<function-style-cast>': truncation from 'const char *' to 'Hash'
script.cpp(4463): warning C4311: '<function-style-cast>': pointer truncation from 'const char *' to 'Hash'
script.cpp(4463): warning C4302: '<function-style-cast>': truncation from 'const char *' to 'Hash'
script.cpp(4464): warning C4311: '<function-style-cast>': pointer truncation from 'const char *' to 'Hash'
script.cpp(4464): warning C4302: '<function-style-cast>': truncation from 'const char *' to 'Hash'
script.cpp(7444): warning C4566: character represented by universal-character-name '\u200B' cannot be represented in the current code page (1252)
script.cpp(7452): warning C4566: character represented by universal-character-name '\u200B' cannot be represented in the current code page (1252)
  Generating code
c:\users\gudmundur\documents\visual studio 2017\projects\menyabaes\source\solution\project\script.cpp(1610): warning C4715: '`anonymous namespace'::showKeyboard': not all control paths return a value
c:\users\gudmundur\documents\visual studio 2017\projects\menyabaes\source\solution\project\script.cpp(3580): warning C4700: uninitialized local variable 'i' used
  148 of 796 functions (18.6%) were compiled, the rest were copied from previous compilation.
    0 functions were new in current compilation
    121 functions had inline decision re-evaluated but remain unchanged
  Finished generating code
  MenyaBaes.vcxproj -> F:\Games\Steam\steamapps\common\Grand Theft Auto V\MenyaBaes.asi
